<?xml version="1.0" encoding="UTF-8"?>
<!-- Generated by org.testng.reporters.JUnitReportReporter -->
<testsuite hostname="ws-ea1c93e2-1785-49e8-849d-a641549b685d" failures="0" tests="1" name="com.lambdatest.Tests.SingleTest" time="8.625" errors="0" timestamp="1 Sep 2021 01:20:29 GMT">
  <testcase classname="com.lambdatest.Tests.SingleTest" name="test" time="8.625"/>
</testsuite> <!-- com.lambdatest.Tests.SingleTest -->
